生成启动时间为 2014/6/20 0:44:35。
     1>项目“E:\Desktop\MySpace\UIEditor\cocos2dx\proj.win32\cocos2d.vcxproj”在节点 2 上(Build 个目标)。
     1>InitializeBuildStatus:
         正在创建“Debug.win32\libcocos2d.unsuccessfulbuild”，因为已指定“AlwaysCreate”。
       ClCompile:
         所有输出均为最新。
         所有输出均为最新。
       PreLinkEvent:
         if not exist "E:\Desktop\MySpace\UIEditor\Debug.win32\" mkdir "E:\Desktop\MySpace\UIEditor\Debug.win32\"
         xcopy /Y /Q "E:\Desktop\MySpace\UIEditor\cocos2dx\proj.win32\..\platform\third_party\win32\libraries\*.*" "E:\Desktop\MySpace\UIEditor\Debug.win32\"
         
         :VCEnd
         复制了 15 个文件
       Link:
         所有输出均为最新。
         cocos2d.vcxproj -> E:\Desktop\MySpace\UIEditor\Debug.win32\libcocos2d.dll
       FinalizeBuildStatus:
         正在删除文件“Debug.win32\libcocos2d.unsuccessfulbuild”。
         正在对“Debug.win32\libcocos2d.lastbuildstate”执行 Touch 任务。
     1>已完成生成项目“E:\Desktop\MySpace\UIEditor\cocos2dx\proj.win32\cocos2d.vcxproj”(Build 个目标)的操作。

生成成功。

已用时间 00:00:00.47
