E:\DESKTOP\MYSPACE\UIEDITOR\COCOS2DX\PROJ.WIN32\DEBUG.WIN32\CCTEXTUREPVR.OBJ
E:\DESKTOP\MYSPACE\UIEDITOR\COCOS2DX\PROJ.WIN32\DEBUG.WIN32\CCPARALLAXNODE.OBJ
E:\DESKTOP\MYSPACE\UIEDITOR\COCOS2DX\PROJ.WIN32\DEBUG.WIN32\CCTILEMAPATLAS.OBJ
E:\DESKTOP\MYSPACE\UIEDITOR\COCOS2DX\PROJ.WIN32\DEBUG.WIN32\CCTMXLAYER.OBJ
E:\DESKTOP\MYSPACE\UIEDITOR\COCOS2DX\PROJ.WIN32\DEBUG.WIN32\CCTMXOBJECTGROUP.OBJ
E:\DESKTOP\MYSPACE\UIEDITOR\COCOS2DX\PROJ.WIN32\DEBUG.WIN32\CCTMXTILEDMAP.OBJ
E:\DESKTOP\MYSPACE\UIEDITOR\COCOS2DX\PROJ.WIN32\DEBUG.WIN32\CCTMXXMLPARSER.OBJ
E:\DESKTOP\MYSPACE\UIEDITOR\COCOS2DX\PROJ.WIN32\DEBUG.WIN32\CCTOUCH.OBJ
E:\DESKTOP\MYSPACE\UIEDITOR\COCOS2DX\PROJ.WIN32\DEBUG.WIN32\CCTOUCHDISPATCHER.OBJ
E:\DESKTOP\MYSPACE\UIEDITOR\COCOS2DX\PROJ.WIN32\DEBUG.WIN32\CCTOUCHHANDLER.OBJ
E:\DESKTOP\MYSPACE\UIEDITOR\COCOS2DX\PROJ.WIN32\DEBUG.WIN32\CCKEYPADDELEGATE.OBJ
E:\DESKTOP\MYSPACE\UIEDITOR\COCOS2DX\PROJ.WIN32\DEBUG.WIN32\CCKEYPADDISPATCHER.OBJ
E:\DESKTOP\MYSPACE\UIEDITOR\COCOS2DX\PROJ.WIN32\DEBUG.WIN32\CCIMEDISPATCHER.OBJ
E:\DESKTOP\MYSPACE\UIEDITOR\COCOS2DX\PROJ.WIN32\DEBUG.WIN32\CCTEXTFIELDTTF.OBJ
E:\DESKTOP\MYSPACE\UIEDITOR\COCOS2DX\PROJ.WIN32\DEBUG.WIN32\CCSCRIPTSUPPORT.OBJ
E:\DESKTOP\MYSPACE\UIEDITOR\COCOS2DX\PROJ.WIN32\DEBUG.WIN32\CCCAMERA.OBJ
E:\DESKTOP\MYSPACE\UIEDITOR\COCOS2DX\PROJ.WIN32\DEBUG.WIN32\CCCONFIGURATION.OBJ
E:\DESKTOP\MYSPACE\UIEDITOR\COCOS2DX\PROJ.WIN32\DEBUG.WIN32\CCDIRECTOR.OBJ
E:\DESKTOP\MYSPACE\UIEDITOR\COCOS2DX\PROJ.WIN32\DEBUG.WIN32\CCSCHEDULER.OBJ
E:\DESKTOP\MYSPACE\UIEDITOR\COCOS2DX\PROJ.WIN32\DEBUG.WIN32\COCOS2D.OBJ
E:\DESKTOP\MYSPACE\UIEDITOR\COCOS2DX\PROJ.WIN32\DEBUG.WIN32\CCNOTIFICATIONCENTER.OBJ
E:\DESKTOP\MYSPACE\UIEDITOR\COCOS2DX\PROJ.WIN32\DEBUG.WIN32\CCPOINTEXTENSION.OBJ
E:\DESKTOP\MYSPACE\UIEDITOR\COCOS2DX\PROJ.WIN32\DEBUG.WIN32\CCPROFILING.OBJ
E:\DESKTOP\MYSPACE\UIEDITOR\COCOS2DX\PROJ.WIN32\DEBUG.WIN32\CCUTF8.OBJ
E:\DESKTOP\MYSPACE\UIEDITOR\COCOS2DX\PROJ.WIN32\DEBUG.WIN32\CCUTILS.OBJ
E:\DESKTOP\MYSPACE\UIEDITOR\COCOS2DX\PROJ.WIN32\DEBUG.WIN32\CCVERTEX.OBJ
E:\DESKTOP\MYSPACE\UIEDITOR\COCOS2DX\PROJ.WIN32\DEBUG.WIN32\CCCOMPONENT.OBJ
E:\DESKTOP\MYSPACE\UIEDITOR\COCOS2DX\PROJ.WIN32\DEBUG.WIN32\CCCOMPONENTCONTAINER.OBJ
E:\DESKTOP\MYSPACE\UIEDITOR\COCOS2DX\PROJ.WIN32\DEBUG.WIN32\TINYXML2.OBJ
E:\DESKTOP\MYSPACE\UIEDITOR\COCOS2DX\PROJ.WIN32\DEBUG.WIN32\TRANSFORMUTILS.OBJ
E:\DESKTOP\MYSPACE\UIEDITOR\COCOS2DX\PROJ.WIN32\DEBUG.WIN32\CCCARRAY.OBJ
E:\DESKTOP\MYSPACE\UIEDITOR\COCOS2DX\PROJ.WIN32\DEBUG.WIN32\TGALIB.OBJ
E:\DESKTOP\MYSPACE\UIEDITOR\COCOS2DX\PROJ.WIN32\DEBUG.WIN32\CCUSERDEFAULT.OBJ
E:\DESKTOP\MYSPACE\UIEDITOR\COCOS2DX\PROJ.WIN32\DEBUG.WIN32\IOAPI.OBJ
E:\DESKTOP\MYSPACE\UIEDITOR\COCOS2DX\PROJ.WIN32\DEBUG.WIN32\UNZIP.OBJ
E:\DESKTOP\MYSPACE\UIEDITOR\COCOS2DX\PROJ.WIN32\DEBUG.WIN32\ZIPUTILS.OBJ
E:\DESKTOP\MYSPACE\UIEDITOR\COCOS2DX\PROJ.WIN32\DEBUG.WIN32\CCTEXTURE2D.OBJ
E:\DESKTOP\MYSPACE\UIEDITOR\COCOS2DX\PROJ.WIN32\DEBUG.WIN32\CCTEXTUREATLAS.OBJ
E:\DESKTOP\MYSPACE\UIEDITOR\COCOS2DX\PROJ.WIN32\DEBUG.WIN32\CCTEXTURECACHE.OBJ
E:\DESKTOP\MYSPACE\UIEDITOR\COCOS2DX\PROJ.WIN32\DEBUG.WIN32\CCTEXTUREETC.OBJ
E:\DESKTOP\MYSPACE\UIEDITOR\COCOS2DX\PROJ.WIN32\DEBUG.WIN32\PLATFORM.OBJ
E:\DESKTOP\MYSPACE\UIEDITOR\COCOS2DX\PROJ.WIN32\DEBUG.WIN32\CCACCELEROMETER.OBJ
E:\DESKTOP\MYSPACE\UIEDITOR\COCOS2DX\PROJ.WIN32\DEBUG.WIN32\CCAPPLICATION.OBJ
E:\DESKTOP\MYSPACE\UIEDITOR\COCOS2DX\PROJ.WIN32\DEBUG.WIN32\CCCOMMON.OBJ
E:\DESKTOP\MYSPACE\UIEDITOR\COCOS2DX\PROJ.WIN32\DEBUG.WIN32\CCDEVICE.OBJ
E:\DESKTOP\MYSPACE\UIEDITOR\COCOS2DX\PROJ.WIN32\DEBUG.WIN32\CCEGLVIEW.OBJ
E:\DESKTOP\MYSPACE\UIEDITOR\COCOS2DX\PROJ.WIN32\DEBUG.WIN32\CCFILEUTILSWIN32.OBJ
E:\DESKTOP\MYSPACE\UIEDITOR\COCOS2DX\PROJ.WIN32\DEBUG.WIN32\CCIMAGE.OBJ
E:\DESKTOP\MYSPACE\UIEDITOR\COCOS2DX\PROJ.WIN32\DEBUG.WIN32\CCSTDC.OBJ
E:\DESKTOP\MYSPACE\UIEDITOR\COCOS2DX\PROJ.WIN32\DEBUG.WIN32\CCGLPROGRAM.OBJ
E:\DESKTOP\MYSPACE\UIEDITOR\COCOS2DX\PROJ.WIN32\DEBUG.WIN32\CCGLSTATECACHE.OBJ
E:\DESKTOP\MYSPACE\UIEDITOR\COCOS2DX\PROJ.WIN32\DEBUG.WIN32\CCSHADERCACHE.OBJ
E:\DESKTOP\MYSPACE\UIEDITOR\COCOS2DX\PROJ.WIN32\DEBUG.WIN32\CCSHADERS.OBJ
E:\DESKTOP\MYSPACE\UIEDITOR\COCOS2DX\PROJ.WIN32\DEBUG.WIN32\CCANIMATION.OBJ
E:\DESKTOP\MYSPACE\UIEDITOR\COCOS2DX\PROJ.WIN32\DEBUG.WIN32\CCANIMATIONCACHE.OBJ
E:\DESKTOP\MYSPACE\UIEDITOR\COCOS2DX\PROJ.WIN32\DEBUG.WIN32\CCSPRITE.OBJ
E:\DESKTOP\MYSPACE\UIEDITOR\COCOS2DX\PROJ.WIN32\DEBUG.WIN32\CCSPRITEBATCHNODE.OBJ
E:\DESKTOP\MYSPACE\UIEDITOR\COCOS2DX\PROJ.WIN32\DEBUG.WIN32\CCSPRITEFRAME.OBJ
E:\DESKTOP\MYSPACE\UIEDITOR\COCOS2DX\PROJ.WIN32\DEBUG.WIN32\CCSPRITEFRAMECACHE.OBJ
E:\DESKTOP\MYSPACE\UIEDITOR\COCOS2DX\PROJ.WIN32\DEBUG.WIN32\BASE64.OBJ
E:\DESKTOP\MYSPACE\UIEDITOR\COCOS2DX\PROJ.WIN32\DEBUG.WIN32\CCLAYER.OBJ
E:\DESKTOP\MYSPACE\UIEDITOR\COCOS2DX\PROJ.WIN32\DEBUG.WIN32\CCSCENE.OBJ
E:\DESKTOP\MYSPACE\UIEDITOR\COCOS2DX\PROJ.WIN32\DEBUG.WIN32\CCTRANSITION.OBJ
E:\DESKTOP\MYSPACE\UIEDITOR\COCOS2DX\PROJ.WIN32\DEBUG.WIN32\CCTRANSITIONPAGETURN.OBJ
E:\DESKTOP\MYSPACE\UIEDITOR\COCOS2DX\PROJ.WIN32\DEBUG.WIN32\CCTRANSITIONPROGRESS.OBJ
E:\DESKTOP\MYSPACE\UIEDITOR\COCOS2DX\PROJ.WIN32\DEBUG.WIN32\CCMENU.OBJ
E:\DESKTOP\MYSPACE\UIEDITOR\COCOS2DX\PROJ.WIN32\DEBUG.WIN32\CCMENUITEM.OBJ
E:\DESKTOP\MYSPACE\UIEDITOR\COCOS2DX\PROJ.WIN32\DEBUG.WIN32\CCCLIPPINGNODE.OBJ
E:\DESKTOP\MYSPACE\UIEDITOR\COCOS2DX\PROJ.WIN32\DEBUG.WIN32\CCMOTIONSTREAK.OBJ
E:\DESKTOP\MYSPACE\UIEDITOR\COCOS2DX\PROJ.WIN32\DEBUG.WIN32\CCPROGRESSTIMER.OBJ
E:\DESKTOP\MYSPACE\UIEDITOR\COCOS2DX\PROJ.WIN32\DEBUG.WIN32\CCRENDERTEXTURE.OBJ
E:\DESKTOP\MYSPACE\UIEDITOR\COCOS2DX\PROJ.WIN32\DEBUG.WIN32\CCPARTICLEBATCHNODE.OBJ
E:\DESKTOP\MYSPACE\UIEDITOR\COCOS2DX\PROJ.WIN32\DEBUG.WIN32\CCPARTICLEEXAMPLES.OBJ
E:\DESKTOP\MYSPACE\UIEDITOR\COCOS2DX\PROJ.WIN32\DEBUG.WIN32\CCPARTICLESYSTEM.OBJ
E:\DESKTOP\MYSPACE\UIEDITOR\COCOS2DX\PROJ.WIN32\DEBUG.WIN32\CCPARTICLESYSTEMQUAD.OBJ
E:\DESKTOP\MYSPACE\UIEDITOR\COCOS2DX\PROJ.WIN32\DEBUG.WIN32\CCEGLVIEWPROTOCOL.OBJ
E:\DESKTOP\MYSPACE\UIEDITOR\COCOS2DX\PROJ.WIN32\DEBUG.WIN32\CCFILEUTILS.OBJ
E:\DESKTOP\MYSPACE\UIEDITOR\COCOS2DX\PROJ.WIN32\DEBUG.WIN32\CCIMAGECOMMONWEBP.OBJ
E:\DESKTOP\MYSPACE\UIEDITOR\COCOS2DX\PROJ.WIN32\DEBUG.WIN32\CCSAXPARSER.OBJ
E:\DESKTOP\MYSPACE\UIEDITOR\COCOS2DX\PROJ.WIN32\DEBUG.WIN32\CCTHREAD.OBJ
E:\DESKTOP\MYSPACE\UIEDITOR\COCOS2DX\PROJ.WIN32\DEBUG.WIN32\CCDRAWINGPRIMITIVES.OBJ
E:\DESKTOP\MYSPACE\UIEDITOR\COCOS2DX\PROJ.WIN32\DEBUG.WIN32\CCDRAWNODE.OBJ
E:\DESKTOP\MYSPACE\UIEDITOR\COCOS2DX\PROJ.WIN32\DEBUG.WIN32\CCGRABBER.OBJ
E:\DESKTOP\MYSPACE\UIEDITOR\COCOS2DX\PROJ.WIN32\DEBUG.WIN32\CCGRID.OBJ
E:\DESKTOP\MYSPACE\UIEDITOR\COCOS2DX\PROJ.WIN32\DEBUG.WIN32\CCACTION.OBJ
E:\DESKTOP\MYSPACE\UIEDITOR\COCOS2DX\PROJ.WIN32\DEBUG.WIN32\CCACTIONCAMERA.OBJ
E:\DESKTOP\MYSPACE\UIEDITOR\COCOS2DX\PROJ.WIN32\DEBUG.WIN32\CCACTIONCATMULLROM.OBJ
E:\DESKTOP\MYSPACE\UIEDITOR\COCOS2DX\PROJ.WIN32\DEBUG.WIN32\CCACTIONEASE.OBJ
E:\DESKTOP\MYSPACE\UIEDITOR\COCOS2DX\PROJ.WIN32\DEBUG.WIN32\CCACTIONGRID.OBJ
E:\DESKTOP\MYSPACE\UIEDITOR\COCOS2DX\PROJ.WIN32\DEBUG.WIN32\CCACTIONGRID3D.OBJ
E:\DESKTOP\MYSPACE\UIEDITOR\COCOS2DX\PROJ.WIN32\DEBUG.WIN32\CCACTIONINSTANT.OBJ
E:\DESKTOP\MYSPACE\UIEDITOR\COCOS2DX\PROJ.WIN32\DEBUG.WIN32\CCACTIONINTERVAL.OBJ
E:\DESKTOP\MYSPACE\UIEDITOR\COCOS2DX\PROJ.WIN32\DEBUG.WIN32\CCACTIONMANAGER.OBJ
E:\DESKTOP\MYSPACE\UIEDITOR\COCOS2DX\PROJ.WIN32\DEBUG.WIN32\CCACTIONPAGETURN3D.OBJ
E:\DESKTOP\MYSPACE\UIEDITOR\COCOS2DX\PROJ.WIN32\DEBUG.WIN32\CCACTIONPROGRESSTIMER.OBJ
E:\DESKTOP\MYSPACE\UIEDITOR\COCOS2DX\PROJ.WIN32\DEBUG.WIN32\CCACTIONTILEDGRID.OBJ
E:\DESKTOP\MYSPACE\UIEDITOR\COCOS2DX\PROJ.WIN32\DEBUG.WIN32\CCACTIONTWEEN.OBJ
E:\DESKTOP\MYSPACE\UIEDITOR\COCOS2DX\PROJ.WIN32\DEBUG.WIN32\CCLABELATLAS.OBJ
E:\DESKTOP\MYSPACE\UIEDITOR\COCOS2DX\PROJ.WIN32\DEBUG.WIN32\CCLABELBMFONT.OBJ
E:\DESKTOP\MYSPACE\UIEDITOR\COCOS2DX\PROJ.WIN32\DEBUG.WIN32\CCLABELTTF.OBJ
E:\DESKTOP\MYSPACE\UIEDITOR\COCOS2DX\PROJ.WIN32\DEBUG.WIN32\CCATLASNODE.OBJ
E:\DESKTOP\MYSPACE\UIEDITOR\COCOS2DX\PROJ.WIN32\DEBUG.WIN32\CCNODE.OBJ
E:\DESKTOP\MYSPACE\UIEDITOR\COCOS2DX\PROJ.WIN32\DEBUG.WIN32\CCAFFINETRANSFORM.OBJ
E:\DESKTOP\MYSPACE\UIEDITOR\COCOS2DX\PROJ.WIN32\DEBUG.WIN32\CCARRAY.OBJ
E:\DESKTOP\MYSPACE\UIEDITOR\COCOS2DX\PROJ.WIN32\DEBUG.WIN32\CCAUTORELEASEPOOL.OBJ
E:\DESKTOP\MYSPACE\UIEDITOR\COCOS2DX\PROJ.WIN32\DEBUG.WIN32\CCDATAVISITOR.OBJ
E:\DESKTOP\MYSPACE\UIEDITOR\COCOS2DX\PROJ.WIN32\DEBUG.WIN32\CCDICTIONARY.OBJ
E:\DESKTOP\MYSPACE\UIEDITOR\COCOS2DX\PROJ.WIN32\DEBUG.WIN32\CCGEOMETRY.OBJ
E:\DESKTOP\MYSPACE\UIEDITOR\COCOS2DX\PROJ.WIN32\DEBUG.WIN32\CCNS.OBJ
E:\DESKTOP\MYSPACE\UIEDITOR\COCOS2DX\PROJ.WIN32\DEBUG.WIN32\CCOBJECT.OBJ
E:\DESKTOP\MYSPACE\UIEDITOR\COCOS2DX\PROJ.WIN32\DEBUG.WIN32\CCSET.OBJ
E:\DESKTOP\MYSPACE\UIEDITOR\COCOS2DX\PROJ.WIN32\DEBUG.WIN32\CCSTRING.OBJ
E:\DESKTOP\MYSPACE\UIEDITOR\COCOS2DX\PROJ.WIN32\DEBUG.WIN32\CCZONE.OBJ
E:\DESKTOP\MYSPACE\UIEDITOR\COCOS2DX\PROJ.WIN32\DEBUG.WIN32\VC110.PDB
E:\DESKTOP\MYSPACE\UIEDITOR\COCOS2DX\PROJ.WIN32\DEBUG.WIN32\CCFPSIMAGES.OBJ
E:\DESKTOP\MYSPACE\UIEDITOR\COCOS2DX\PROJ.WIN32\DEBUG.WIN32\AABB.OBJ
E:\DESKTOP\MYSPACE\UIEDITOR\COCOS2DX\PROJ.WIN32\DEBUG.WIN32\MAT3.OBJ
E:\DESKTOP\MYSPACE\UIEDITOR\COCOS2DX\PROJ.WIN32\DEBUG.WIN32\MAT4.OBJ
E:\DESKTOP\MYSPACE\UIEDITOR\COCOS2DX\PROJ.WIN32\DEBUG.WIN32\NEON_MATRIX_IMPL.OBJ
E:\DESKTOP\MYSPACE\UIEDITOR\COCOS2DX\PROJ.WIN32\DEBUG.WIN32\PLANE.OBJ
E:\DESKTOP\MYSPACE\UIEDITOR\COCOS2DX\PROJ.WIN32\DEBUG.WIN32\QUATERNION.OBJ
E:\DESKTOP\MYSPACE\UIEDITOR\COCOS2DX\PROJ.WIN32\DEBUG.WIN32\RAY2.OBJ
E:\DESKTOP\MYSPACE\UIEDITOR\COCOS2DX\PROJ.WIN32\DEBUG.WIN32\UTILITY.OBJ
E:\DESKTOP\MYSPACE\UIEDITOR\COCOS2DX\PROJ.WIN32\DEBUG.WIN32\VEC2.OBJ
E:\DESKTOP\MYSPACE\UIEDITOR\COCOS2DX\PROJ.WIN32\DEBUG.WIN32\VEC3.OBJ
E:\DESKTOP\MYSPACE\UIEDITOR\COCOS2DX\PROJ.WIN32\DEBUG.WIN32\VEC4.OBJ
E:\DESKTOP\MYSPACE\UIEDITOR\COCOS2DX\PROJ.WIN32\DEBUG.WIN32\MAT4STACK.OBJ
E:\DESKTOP\MYSPACE\UIEDITOR\COCOS2DX\PROJ.WIN32\DEBUG.WIN32\MATRIX.OBJ
E:\Desktop\MySpace\UIEditor\Debug.win32\libcocos2d.lib
E:\Desktop\MySpace\UIEditor\Debug.win32\libcocos2d.exp
E:\DESKTOP\MYSPACE\UIEDITOR\DEBUG.WIN32\LIBCOCOS2D.DLL
E:\DESKTOP\MYSPACE\UIEDITOR\DEBUG.WIN32\LIBCOCOS2D.PDB
E:\Desktop\MySpace\UIEditor\cocos2dx\proj.win32\Debug.win32\aabb.obj
E:\Desktop\MySpace\UIEditor\cocos2dx\proj.win32\Debug.win32\base64.obj
E:\Desktop\MySpace\UIEditor\cocos2dx\proj.win32\Debug.win32\CCAccelerometer.obj
E:\Desktop\MySpace\UIEditor\cocos2dx\proj.win32\Debug.win32\CCAction.obj
E:\Desktop\MySpace\UIEditor\cocos2dx\proj.win32\Debug.win32\CCActionCamera.obj
E:\Desktop\MySpace\UIEditor\cocos2dx\proj.win32\Debug.win32\CCActionCatmullRom.obj
E:\Desktop\MySpace\UIEditor\cocos2dx\proj.win32\Debug.win32\CCActionEase.obj
E:\Desktop\MySpace\UIEditor\cocos2dx\proj.win32\Debug.win32\CCActionGrid.obj
E:\Desktop\MySpace\UIEditor\cocos2dx\proj.win32\Debug.win32\CCActionGrid3D.obj
E:\Desktop\MySpace\UIEditor\cocos2dx\proj.win32\Debug.win32\CCActionInstant.obj
E:\Desktop\MySpace\UIEditor\cocos2dx\proj.win32\Debug.win32\CCActionInterval.obj
E:\Desktop\MySpace\UIEditor\cocos2dx\proj.win32\Debug.win32\CCActionManager.obj
E:\Desktop\MySpace\UIEditor\cocos2dx\proj.win32\Debug.win32\CCActionPageTurn3D.obj
E:\Desktop\MySpace\UIEditor\cocos2dx\proj.win32\Debug.win32\CCActionProgressTimer.obj
E:\Desktop\MySpace\UIEditor\cocos2dx\proj.win32\Debug.win32\CCActionTiledGrid.obj
E:\Desktop\MySpace\UIEditor\cocos2dx\proj.win32\Debug.win32\CCActionTween.obj
E:\Desktop\MySpace\UIEditor\cocos2dx\proj.win32\Debug.win32\CCAffineTransform.obj
E:\Desktop\MySpace\UIEditor\cocos2dx\proj.win32\Debug.win32\CCAnimation.obj
E:\Desktop\MySpace\UIEditor\cocos2dx\proj.win32\Debug.win32\CCAnimationCache.obj
E:\Desktop\MySpace\UIEditor\cocos2dx\proj.win32\Debug.win32\CCApplication.obj
E:\Desktop\MySpace\UIEditor\cocos2dx\proj.win32\Debug.win32\CCArray.obj
E:\Desktop\MySpace\UIEditor\cocos2dx\proj.win32\Debug.win32\CCAtlasNode.obj
E:\Desktop\MySpace\UIEditor\cocos2dx\proj.win32\Debug.win32\CCAutoreleasePool.obj
E:\Desktop\MySpace\UIEditor\cocos2dx\proj.win32\Debug.win32\CCCamera.obj
E:\Desktop\MySpace\UIEditor\cocos2dx\proj.win32\Debug.win32\ccCArray.obj
E:\Desktop\MySpace\UIEditor\cocos2dx\proj.win32\Debug.win32\CCClippingNode.obj
E:\Desktop\MySpace\UIEditor\cocos2dx\proj.win32\Debug.win32\CCCommon.obj
E:\Desktop\MySpace\UIEditor\cocos2dx\proj.win32\Debug.win32\CCComponent.obj
E:\Desktop\MySpace\UIEditor\cocos2dx\proj.win32\Debug.win32\CCComponentContainer.obj
E:\Desktop\MySpace\UIEditor\cocos2dx\proj.win32\Debug.win32\CCConfiguration.obj
E:\Desktop\MySpace\UIEditor\cocos2dx\proj.win32\Debug.win32\CCDataVisitor.obj
E:\Desktop\MySpace\UIEditor\cocos2dx\proj.win32\Debug.win32\CCDevice.obj
E:\Desktop\MySpace\UIEditor\cocos2dx\proj.win32\Debug.win32\CCDictionary.obj
E:\Desktop\MySpace\UIEditor\cocos2dx\proj.win32\Debug.win32\CCDirector.obj
E:\Desktop\MySpace\UIEditor\cocos2dx\proj.win32\Debug.win32\CCDrawingPrimitives.obj
E:\Desktop\MySpace\UIEditor\cocos2dx\proj.win32\Debug.win32\CCDrawNode.obj
E:\Desktop\MySpace\UIEditor\cocos2dx\proj.win32\Debug.win32\CCEGLView.obj
E:\Desktop\MySpace\UIEditor\cocos2dx\proj.win32\Debug.win32\CCEGLViewProtocol.obj
E:\Desktop\MySpace\UIEditor\cocos2dx\proj.win32\Debug.win32\CCFileUtils.obj
E:\Desktop\MySpace\UIEditor\cocos2dx\proj.win32\Debug.win32\CCFileUtilsWin32.obj
E:\Desktop\MySpace\UIEditor\cocos2dx\proj.win32\Debug.win32\ccFPSImages.obj
E:\Desktop\MySpace\UIEditor\cocos2dx\proj.win32\Debug.win32\CCGeometry.obj
E:\Desktop\MySpace\UIEditor\cocos2dx\proj.win32\Debug.win32\CCGLProgram.obj
E:\Desktop\MySpace\UIEditor\cocos2dx\proj.win32\Debug.win32\ccGLStateCache.obj
E:\Desktop\MySpace\UIEditor\cocos2dx\proj.win32\Debug.win32\CCGrabber.obj
E:\Desktop\MySpace\UIEditor\cocos2dx\proj.win32\Debug.win32\CCGrid.obj
E:\Desktop\MySpace\UIEditor\cocos2dx\proj.win32\Debug.win32\CCImage.obj
E:\Desktop\MySpace\UIEditor\cocos2dx\proj.win32\Debug.win32\CCImageCommonWebp.obj
E:\Desktop\MySpace\UIEditor\cocos2dx\proj.win32\Debug.win32\CCIMEDispatcher.obj
E:\Desktop\MySpace\UIEditor\cocos2dx\proj.win32\Debug.win32\CCKeypadDelegate.obj
E:\Desktop\MySpace\UIEditor\cocos2dx\proj.win32\Debug.win32\CCKeypadDispatcher.obj
E:\Desktop\MySpace\UIEditor\cocos2dx\proj.win32\Debug.win32\CCLabelAtlas.obj
E:\Desktop\MySpace\UIEditor\cocos2dx\proj.win32\Debug.win32\CCLabelBMFont.obj
E:\Desktop\MySpace\UIEditor\cocos2dx\proj.win32\Debug.win32\CCLabelTTF.obj
E:\Desktop\MySpace\UIEditor\cocos2dx\proj.win32\Debug.win32\CCLayer.obj
E:\Desktop\MySpace\UIEditor\cocos2dx\proj.win32\Debug.win32\CCMenu.obj
E:\Desktop\MySpace\UIEditor\cocos2dx\proj.win32\Debug.win32\CCMenuItem.obj
E:\Desktop\MySpace\UIEditor\cocos2dx\proj.win32\Debug.win32\CCMotionStreak.obj
E:\Desktop\MySpace\UIEditor\cocos2dx\proj.win32\Debug.win32\CCNode.obj
E:\Desktop\MySpace\UIEditor\cocos2dx\proj.win32\Debug.win32\CCNotificationCenter.obj
E:\Desktop\MySpace\UIEditor\cocos2dx\proj.win32\Debug.win32\CCNS.obj
E:\Desktop\MySpace\UIEditor\cocos2dx\proj.win32\Debug.win32\CCObject.obj
E:\Desktop\MySpace\UIEditor\cocos2dx\proj.win32\Debug.win32\CCParallaxNode.obj
E:\Desktop\MySpace\UIEditor\cocos2dx\proj.win32\Debug.win32\CCParticleBatchNode.obj
E:\Desktop\MySpace\UIEditor\cocos2dx\proj.win32\Debug.win32\CCParticleExamples.obj
E:\Desktop\MySpace\UIEditor\cocos2dx\proj.win32\Debug.win32\CCParticleSystem.obj
E:\Desktop\MySpace\UIEditor\cocos2dx\proj.win32\Debug.win32\CCParticleSystemQuad.obj
E:\Desktop\MySpace\UIEditor\cocos2dx\proj.win32\Debug.win32\CCPointExtension.obj
E:\Desktop\MySpace\UIEditor\cocos2dx\proj.win32\Debug.win32\CCProfiling.obj
E:\Desktop\MySpace\UIEditor\cocos2dx\proj.win32\Debug.win32\CCProgressTimer.obj
E:\Desktop\MySpace\UIEditor\cocos2dx\proj.win32\Debug.win32\CCRenderTexture.obj
E:\Desktop\MySpace\UIEditor\cocos2dx\proj.win32\Debug.win32\CCSAXParser.obj
E:\Desktop\MySpace\UIEditor\cocos2dx\proj.win32\Debug.win32\CCScene.obj
E:\Desktop\MySpace\UIEditor\cocos2dx\proj.win32\Debug.win32\CCScheduler.obj
E:\Desktop\MySpace\UIEditor\cocos2dx\proj.win32\Debug.win32\CCScriptSupport.obj
E:\Desktop\MySpace\UIEditor\cocos2dx\proj.win32\Debug.win32\CCSet.obj
E:\Desktop\MySpace\UIEditor\cocos2dx\proj.win32\Debug.win32\CCShaderCache.obj
E:\Desktop\MySpace\UIEditor\cocos2dx\proj.win32\Debug.win32\ccShaders.obj
E:\Desktop\MySpace\UIEditor\cocos2dx\proj.win32\Debug.win32\CCSprite.obj
E:\Desktop\MySpace\UIEditor\cocos2dx\proj.win32\Debug.win32\CCSpriteBatchNode.obj
E:\Desktop\MySpace\UIEditor\cocos2dx\proj.win32\Debug.win32\CCSpriteFrame.obj
E:\Desktop\MySpace\UIEditor\cocos2dx\proj.win32\Debug.win32\CCSpriteFrameCache.obj
E:\Desktop\MySpace\UIEditor\cocos2dx\proj.win32\Debug.win32\CCStdC.obj
E:\Desktop\MySpace\UIEditor\cocos2dx\proj.win32\Debug.win32\CCString.obj
E:\Desktop\MySpace\UIEditor\cocos2dx\proj.win32\Debug.win32\CCTextFieldTTF.obj
E:\Desktop\MySpace\UIEditor\cocos2dx\proj.win32\Debug.win32\CCTexture2D.obj
E:\Desktop\MySpace\UIEditor\cocos2dx\proj.win32\Debug.win32\CCTextureAtlas.obj
E:\Desktop\MySpace\UIEditor\cocos2dx\proj.win32\Debug.win32\CCTextureCache.obj
E:\Desktop\MySpace\UIEditor\cocos2dx\proj.win32\Debug.win32\CCTextureETC.obj
E:\Desktop\MySpace\UIEditor\cocos2dx\proj.win32\Debug.win32\CCTexturePVR.obj
E:\Desktop\MySpace\UIEditor\cocos2dx\proj.win32\Debug.win32\CCThread.obj
E:\Desktop\MySpace\UIEditor\cocos2dx\proj.win32\Debug.win32\CCTileMapAtlas.obj
E:\Desktop\MySpace\UIEditor\cocos2dx\proj.win32\Debug.win32\CCTMXLayer.obj
E:\Desktop\MySpace\UIEditor\cocos2dx\proj.win32\Debug.win32\CCTMXObjectGroup.obj
E:\Desktop\MySpace\UIEditor\cocos2dx\proj.win32\Debug.win32\CCTMXTiledMap.obj
E:\Desktop\MySpace\UIEditor\cocos2dx\proj.win32\Debug.win32\CCTMXXMLParser.obj
E:\Desktop\MySpace\UIEditor\cocos2dx\proj.win32\Debug.win32\CCTouch.obj
E:\Desktop\MySpace\UIEditor\cocos2dx\proj.win32\Debug.win32\CCTouchDispatcher.obj
E:\Desktop\MySpace\UIEditor\cocos2dx\proj.win32\Debug.win32\CCTouchHandler.obj
E:\Desktop\MySpace\UIEditor\cocos2dx\proj.win32\Debug.win32\CCTransition.obj
E:\Desktop\MySpace\UIEditor\cocos2dx\proj.win32\Debug.win32\CCTransitionPageTurn.obj
E:\Desktop\MySpace\UIEditor\cocos2dx\proj.win32\Debug.win32\CCTransitionProgress.obj
E:\Desktop\MySpace\UIEditor\cocos2dx\proj.win32\Debug.win32\CCUserDefault.obj
E:\Desktop\MySpace\UIEditor\cocos2dx\proj.win32\Debug.win32\ccUTF8.obj
E:\Desktop\MySpace\UIEditor\cocos2dx\proj.win32\Debug.win32\ccUtils.obj
E:\Desktop\MySpace\UIEditor\cocos2dx\proj.win32\Debug.win32\CCVertex.obj
E:\Desktop\MySpace\UIEditor\cocos2dx\proj.win32\Debug.win32\CCZone.obj
E:\Desktop\MySpace\UIEditor\cocos2dx\proj.win32\Debug.win32\cocos2d.obj
E:\Desktop\MySpace\UIEditor\cocos2dx\proj.win32\Debug.win32\ioapi.obj
E:\Desktop\MySpace\UIEditor\cocos2dx\proj.win32\Debug.win32\mat3.obj
E:\Desktop\MySpace\UIEditor\cocos2dx\proj.win32\Debug.win32\mat4.obj
E:\Desktop\MySpace\UIEditor\cocos2dx\proj.win32\Debug.win32\mat4stack.obj
E:\Desktop\MySpace\UIEditor\cocos2dx\proj.win32\Debug.win32\matrix.obj
E:\Desktop\MySpace\UIEditor\cocos2dx\proj.win32\Debug.win32\neon_matrix_impl.obj
E:\Desktop\MySpace\UIEditor\cocos2dx\proj.win32\Debug.win32\plane.obj
E:\Desktop\MySpace\UIEditor\cocos2dx\proj.win32\Debug.win32\platform.obj
E:\Desktop\MySpace\UIEditor\cocos2dx\proj.win32\Debug.win32\quaternion.obj
E:\Desktop\MySpace\UIEditor\cocos2dx\proj.win32\Debug.win32\ray2.obj
E:\Desktop\MySpace\UIEditor\cocos2dx\proj.win32\Debug.win32\TGAlib.obj
E:\Desktop\MySpace\UIEditor\cocos2dx\proj.win32\Debug.win32\tinyxml2.obj
E:\Desktop\MySpace\UIEditor\cocos2dx\proj.win32\Debug.win32\TransformUtils.obj
E:\Desktop\MySpace\UIEditor\cocos2dx\proj.win32\Debug.win32\unzip.obj
E:\Desktop\MySpace\UIEditor\cocos2dx\proj.win32\Debug.win32\utility.obj
E:\Desktop\MySpace\UIEditor\cocos2dx\proj.win32\Debug.win32\vec2.obj
E:\Desktop\MySpace\UIEditor\cocos2dx\proj.win32\Debug.win32\vec3.obj
E:\Desktop\MySpace\UIEditor\cocos2dx\proj.win32\Debug.win32\vec4.obj
E:\Desktop\MySpace\UIEditor\cocos2dx\proj.win32\Debug.win32\ZipUtils.obj
E:\Desktop\MySpace\UIEditor\cocos2dx\proj.win32\Debug.win32\cl.command.1.tlog
E:\Desktop\MySpace\UIEditor\cocos2dx\proj.win32\Debug.win32\CL.read.1.tlog
E:\Desktop\MySpace\UIEditor\cocos2dx\proj.win32\Debug.win32\CL.write.1.tlog
E:\Desktop\MySpace\UIEditor\cocos2dx\proj.win32\Debug.win32\libcocos2d.write.1.tlog
E:\Desktop\MySpace\UIEditor\cocos2dx\proj.win32\Debug.win32\link-cvtres.read.1.tlog
E:\Desktop\MySpace\UIEditor\cocos2dx\proj.win32\Debug.win32\link-cvtres.write.1.tlog
E:\Desktop\MySpace\UIEditor\cocos2dx\proj.win32\Debug.win32\link-rc.read.1.tlog
E:\Desktop\MySpace\UIEditor\cocos2dx\proj.win32\Debug.win32\link-rc.write.1.tlog
E:\Desktop\MySpace\UIEditor\cocos2dx\proj.win32\Debug.win32\link.command.1.tlog
E:\Desktop\MySpace\UIEditor\cocos2dx\proj.win32\Debug.win32\link.read.1.tlog
E:\Desktop\MySpace\UIEditor\cocos2dx\proj.win32\Debug.win32\link.write.1.tlog
E:\Desktop\MySpace\UIEditor\cocos2dx\proj.win32\Debug.win32\vc110.idb
E:\Desktop\MySpace\UIEditor\cocos2dx\proj.win32\Debug.win32\vc110.pdb
E:\Desktop\MySpace\UIEditor\Debug.win32\libcocos2d.pdb
E:\Desktop\MySpace\UIEditor\Debug.win32\libcocos2d.dll
