生成启动时间为 2014/6/8 12:42:27。
     1>项目“E:\Desktop\MySpace\UIEditor\UIEditor\UIEditor.vcxproj”在节点 2 上(Build 个目标)。
     1>PrepareForBuild:
         正在创建目录“E:\Desktop\MySpace\UIEditor\Win32\Debug\”。
       InitializeBuildStatus:
         正在创建“Debug\UIEditor.unsuccessfulbuild”，因为已指定“AlwaysCreate”。
       CustomBuild:
         Moc'ing uieditor.h...
         Uic'ing uieditor.ui...
         Rcc'ing uieditor.qrc...
     1>RCC : warning : No resources in 'E:\Desktop\MySpace\UIEditor\UIEditor\uieditor.qrc'.
         
       ClCompile:
         D:\Program Files (x86)\Microsoft Visual Studio 11.0\VC\bin\CL.exe /c /I.\GeneratedFiles /I. /ID:\Qt\Qt5.3.0\5.3\msvc2012_opengl\include /I.\GeneratedFiles\Debug /ID:\Qt\Qt5.3.0\5.3\msvc2012_opengl\include\QtCore /ID:\Qt\Qt5.3.0\5.3\msvc2012_opengl\include\QtGui /ID:\Qt\Qt5.3.0\5.3\msvc2012_opengl\include\QtOpenGL /ID:\Qt\Qt5.3.0\5.3\msvc2012_opengl\include\QtWidgets /Zi /nologo /W1 /WX- /Od /Oy- /D UNICODE /D WIN32 /D WIN64 /D QT_DLL /D QT_CORE_LIB /D QT_GUI_LIB /D QT_OPENGL_LIB /D QT_WIDGETS_LIB /Gm- /EHsc /MDd /GS /fp:precise /Zc:wchar_t /Zc:forScope /Fo"Debug\\" /Fd"Debug\vc110.pdb" /Gd /TP /analyze- /errorReport:prompt GeneratedFiles\Debug\moc_uieditor.cpp main.cpp uieditor.cpp
         moc_uieditor.cpp
         main.cpp
         uieditor.cpp
         正在生成代码...
         D:\Program Files (x86)\Microsoft Visual Studio 11.0\VC\bin\CL.exe /c /I.\GeneratedFiles /I. /ID:\Qt\Qt5.3.0\5.3\msvc2012_opengl\include /I.\GeneratedFiles\Debug /ID:\Qt\Qt5.3.0\5.3\msvc2012_opengl\include\QtCore /ID:\Qt\Qt5.3.0\5.3\msvc2012_opengl\include\QtGui /ID:\Qt\Qt5.3.0\5.3\msvc2012_opengl\include\QtOpenGL /ID:\Qt\Qt5.3.0\5.3\msvc2012_opengl\include\QtWidgets /Zi /nologo /W1 /WX- /Od /Oy- /D UNICODE /D WIN32 /D WIN64 /D QT_DLL /D QT_CORE_LIB /D QT_GUI_LIB /D QT_OPENGL_LIB /D QT_WIDGETS_LIB /Gm- /EHsc /MDd /GS /fp:precise /Zc:wchar_t /Zc:forScope /Fo"Debug\\" /Fd"Debug\vc110.pdb" /Gd /TP /analyze- /errorReport:prompt GeneratedFiles\qrc_uieditor.cpp
         qrc_uieditor.cpp
       ResourceCompile:
         C:\Program Files (x86)\Windows Kits\8.0\bin\x86\rc.exe /l"0x0409" /nologo /fo"Debug\UIEditor.res" UIEditor.rc 
       Link:
         D:\Program Files (x86)\Microsoft Visual Studio 11.0\VC\bin\link.exe /ERRORREPORT:PROMPT /OUT:"E:\Desktop\MySpace\UIEditor\Win32\Debug\\UIEditor.exe" /NOLOGO /LIBPATH:D:\Qt\Qt5.3.0\5.3\msvc2012_opengl\lib qtmaind.lib Qt5Cored.lib Qt5Guid.lib Qt5OpenGLd.lib opengl32.lib glu32.lib Qt5Widgetsd.lib kernel32.lib user32.lib gdi32.lib winspool.lib comdlg32.lib advapi32.lib shell32.lib ole32.lib oleaut32.lib uuid.lib odbc32.lib odbccp32.lib /MANIFEST /MANIFESTUAC:"level='asInvoker' uiAccess='false'" /manifest:embed /DEBUG /PDB:"E:\Desktop\MySpace\UIEditor\Win32\Debug\UIEditor.pdb" /SUBSYSTEM:WINDOWS /TLBID:1 /DYNAMICBASE /NXCOMPAT /IMPLIB:"E:\Desktop\MySpace\UIEditor\Win32\Debug\UIEditor.lib" /MACHINE:X86 /SAFESEH Debug\UIEditor.res
         Debug\moc_uieditor.obj
         Debug\qrc_uieditor.obj
         Debug\main.obj
         Debug\uieditor.obj
         UIEditor.vcxproj -> E:\Desktop\MySpace\UIEditor\Win32\Debug\UIEditor.exe
       FinalizeBuildStatus:
         正在删除文件“Debug\UIEditor.unsuccessfulbuild”。
         正在对“Debug\UIEditor.lastbuildstate”执行 Touch 任务。
     1>已完成生成项目“E:\Desktop\MySpace\UIEditor\UIEditor\UIEditor.vcxproj”(Build 个目标)的操作。

生成成功。

已用时间 00:00:06.58
