生成启动时间为 2014/6/8 12:43:32。
     1>项目“E:\Desktop\MySpace\UIEditor\UIEditor\UIEditor.vcxproj”在节点 2 上(Build 个目标)。
     1>PrepareForBuild:
         正在创建目录“E:\Desktop\MySpace\UIEditor\Win32\Release\”。
       InitializeBuildStatus:
         正在创建“Release\UIEditor.unsuccessfulbuild”，因为已指定“AlwaysCreate”。
       CustomBuild:
         Moc'ing uieditor.h...
         Uic'ing uieditor.ui...
         Rcc'ing uieditor.qrc...
     1>RCC : warning : No resources in 'E:\Desktop\MySpace\UIEditor\UIEditor\uieditor.qrc'.
         
       ClCompile:
         D:\Program Files (x86)\Microsoft Visual Studio 11.0\VC\bin\CL.exe /c /I.\GeneratedFiles /I. /ID:\Qt\Qt5.3.0\5.3\msvc2012_opengl\include /I.\GeneratedFiles\Release /ID:\Qt\Qt5.3.0\5.3\msvc2012_opengl\include\QtCore /ID:\Qt\Qt5.3.0\5.3\msvc2012_opengl\include\QtGui /ID:\Qt\Qt5.3.0\5.3\msvc2012_opengl\include\QtOpenGL /ID:\Qt\Qt5.3.0\5.3\msvc2012_opengl\include\QtWidgets /nologo /W1 /WX- /O2 /Oy- /D UNICODE /D WIN32 /D WIN64 /D QT_DLL /D QT_NO_DEBUG /D NDEBUG /D QT_CORE_LIB /D QT_GUI_LIB /D QT_OPENGL_LIB /D QT_WIDGETS_LIB /Gm- /EHsc /MD /GS /fp:precise /Zc:wchar_t /Zc:forScope /Fo"Release\\" /Fd"Release\vc110.pdb" /Gd /TP /analyze- /errorReport:prompt GeneratedFiles\qrc_uieditor.cpp
         qrc_uieditor.cpp
         D:\Program Files (x86)\Microsoft Visual Studio 11.0\VC\bin\CL.exe /c /I.\GeneratedFiles /I. /ID:\Qt\Qt5.3.0\5.3\msvc2012_opengl\include /I.\GeneratedFiles\Release /ID:\Qt\Qt5.3.0\5.3\msvc2012_opengl\include\QtCore /ID:\Qt\Qt5.3.0\5.3\msvc2012_opengl\include\QtGui /ID:\Qt\Qt5.3.0\5.3\msvc2012_opengl\include\QtOpenGL /ID:\Qt\Qt5.3.0\5.3\msvc2012_opengl\include\QtWidgets /nologo /W1 /WX- /O2 /Oy- /D UNICODE /D WIN32 /D WIN64 /D QT_DLL /D QT_NO_DEBUG /D NDEBUG /D QT_CORE_LIB /D QT_GUI_LIB /D QT_OPENGL_LIB /D QT_WIDGETS_LIB /Gm- /EHsc /MD /GS /fp:precise /Zc:wchar_t /Zc:forScope /Fo"Release\\" /Fd"Release\vc110.pdb" /Gd /TP /analyze- /errorReport:prompt GeneratedFiles\Release\moc_uieditor.cpp main.cpp uieditor.cpp
         moc_uieditor.cpp
         main.cpp
         uieditor.cpp
         正在生成代码...
       ResourceCompile:
         C:\Program Files (x86)\Windows Kits\8.0\bin\x86\rc.exe /l"0x0409" /nologo /fo"Release\UIEditor.res" UIEditor.rc 
       Link:
         D:\Program Files (x86)\Microsoft Visual Studio 11.0\VC\bin\link.exe /ERRORREPORT:PROMPT /OUT:"E:\Desktop\MySpace\UIEditor\Win32\Release\\UIEditor.exe" /NOLOGO /LIBPATH:D:\Qt\Qt5.3.0\5.3\msvc2012_opengl\lib qtmain.lib Qt5Core.lib Qt5Gui.lib Qt5OpenGL.lib opengl32.lib glu32.lib Qt5Widgets.lib kernel32.lib user32.lib gdi32.lib winspool.lib comdlg32.lib advapi32.lib shell32.lib ole32.lib oleaut32.lib uuid.lib odbc32.lib odbccp32.lib /MANIFEST /MANIFESTUAC:"level='asInvoker' uiAccess='false'" /manifest:embed /PDB:"E:\Desktop\MySpace\UIEditor\Win32\Release\UIEditor.pdb" /SUBSYSTEM:WINDOWS /TLBID:1 /DYNAMICBASE /NXCOMPAT /IMPLIB:"E:\Desktop\MySpace\UIEditor\Win32\Release\UIEditor.lib" /MACHINE:X86 /SAFESEH Release\UIEditor.res
         Release\qrc_uieditor.obj
         Release\moc_uieditor.obj
         Release\main.obj
         Release\uieditor.obj
         UIEditor.vcxproj -> E:\Desktop\MySpace\UIEditor\Win32\Release\UIEditor.exe
       FinalizeBuildStatus:
         正在删除文件“Release\UIEditor.unsuccessfulbuild”。
         正在对“Release\UIEditor.lastbuildstate”执行 Touch 任务。
     1>已完成生成项目“E:\Desktop\MySpace\UIEditor\UIEditor\UIEditor.vcxproj”(Build 个目标)的操作。

生成成功。

已用时间 00:00:05.14
